<?xml version='1.0' encoding='UTF-8'?>
<testsuite hostname="DESKTOP-2GHI2LN" name="BoardTest" tests="2" errors="0" failures="0" skipped="0" time="0.018" timestamp="2021-05-24T13:54:48">
                     <properties>
[...]
</properties>
                     <testcase classname="BoardTest" name="A Board should have an empty space in (1,1)" time="0.014">
                                                 
                                               </testcase><testcase classname="BoardTest" name="A Board should not have an empty space in (1,1)" time="0.004">
                                                 
                                               </testcase>
                     <system-out><![CDATA[]]></system-out>
                     <system-err><![CDATA[]]></system-err>
                   </testsuite>